{"meta": {"format": 3, "version": "7.10.7", "timestamp": "2026-04-13T23:07:49.815485", "branch_coverage": false, "show_contexts": false}, "files": {"src/t1d_analytics/__init__.py": {"executed_lines": [1], "summary": {"covered_lines": 0, "num_statements": 0, "percent_covered": 100.0, "percent_covered_display": "100", "missing_lines": 0, "excluded_lines": 0}, "missing_lines": [], "excluded_lines": [], "functions": {"": {"executed_lines": [1], "summary": {"covered_lines": 0, "num_statements": 0, "percent_covered": 100.0, "percent_covered_display": "100", "missing_lines": 0, "excluded_lines": 0}, "missing_lines": [], "excluded_lines": []}}, "classes": {"": {"executed_lines": [1], "summary": {"covered_lines": 0, "num_statements": 0, "percent_covered": 100.0, "percent_covered_display": "100", "missing_lines": 0, "excluded_lines": 0}, "missing_lines": [], "excluded_lines": []}}}, "src/t1d_analytics/analytics.py": {"executed_lines": [1, 3, 4, 6, 9, 11, 12, 13, 14, 16, 17, 18, 19, 20, 21, 22, 23, 24, 25, 26, 27, 28, 30, 31, 33, 36, 38, 39, 40, 41, 43, 44, 46, 47, 49, 57, 58, 59, 60, 62, 63, 65, 67, 68, 70, 72, 73, 74, 77, 78, 80, 81, 82, 83, 84, 86, 90, 91, 92, 93, 94, 96, 97, 98, 101, 103, 104, 105, 106, 107, 109, 110, 111, 114, 115, 117, 118, 121, 123, 124, 125, 126, 127, 129, 130, 132, 142, 143, 144, 148, 151, 152, 153, 154, 156, 159, 160, 161, 162, 164, 165, 167, 168, 169, 171, 172, 175, 177, 178, 179, 180, 182, 183, 185, 186, 187, 188, 189, 190, 191, 193, 196, 197, 198, 199, 200, 202, 203, 205, 206, 207, 208, 210, 211, 212, 214, 215, 216, 217, 219, 221], "summary": {"covered_lines": 140, "num_statements": 140, "percent_covered": 100.0, "percent_covered_display": "100", "missing_lines": 0, "excluded_lines": 0}, "missing_lines": [], "excluded_lines": [], "functions": {"extract_zips": {"executed_lines": [11, 12, 13, 14, 16, 17, 18, 19, 20, 21, 22, 23, 24, 25, 26, 27, 28, 30, 31, 33], "summary": {"covered_lines": 20, "num_statements": 20, "percent_covered": 100.0, "percent_covered_display": "100", "missing_lines": 0, "excluded_lines": 0}, "missing_lines": [], "excluded_lines": []}, "load_data_to_duckdb": {"executed_lines": [38, 39, 40, 41, 43, 44, 46, 47, 49, 57, 58, 59, 60, 62, 63, 65, 67, 68, 70, 72, 73, 74, 77, 78, 80, 81, 82, 83, 84, 86, 90, 91, 92, 93, 94, 96, 97, 98], "summary": {"covered_lines": 38, "num_statements": 38, "percent_covered": 100.0, "percent_covered_display": "100", "missing_lines": 0, "excluded_lines": 0}, "missing_lines": [], "excluded_lines": []}, "get_database_schema": {"executed_lines": [103, 104, 105, 106, 107, 109, 110, 111, 114, 115, 117, 118], "summary": {"covered_lines": 12, "num_statements": 12, "percent_covered": 100.0, "percent_covered_display": "100", "missing_lines": 0, "excluded_lines": 0}, "missing_lines": [], "excluded_lines": []}, "handle_natural_language": {"executed_lines": [123, 124, 125, 126, 127, 129, 130, 132, 142, 143, 144, 148, 151, 152, 153, 154, 156, 159, 160, 161, 162, 164, 165, 167, 168, 169, 171, 172], "summary": {"covered_lines": 28, "num_statements": 28, "percent_covered": 100.0, "percent_covered_display": "100", "missing_lines": 0, "excluded_lines": 0}, "missing_lines": [], "excluded_lines": []}, "run_query_repl": {"executed_lines": [177, 178, 179, 180, 182, 183, 185, 186, 187, 188, 189, 190, 191, 193, 196, 197, 198, 199, 200, 202, 203, 205, 206, 207, 208, 210, 211, 212, 214, 215, 216, 217, 219, 221], "summary": {"covered_lines": 34, "num_statements": 34, "percent_covered": 100.0, "percent_covered_display": "100", "missing_lines": 0, "excluded_lines": 0}, "missing_lines": [], "excluded_lines": []}, "": {"executed_lines": [1, 3, 4, 6, 9, 36, 101, 121, 175], "summary": {"covered_lines": 8, "num_statements": 8, "percent_covered": 100.0, "percent_covered_display": "100", "missing_lines": 0, "excluded_lines": 0}, "missing_lines": [], "excluded_lines": []}}, "classes": {"": {"executed_lines": [1, 3, 4, 6, 9, 11, 12, 13, 14, 16, 17, 18, 19, 20, 21, 22, 23, 24, 25, 26, 27, 28, 30, 31, 33, 36, 38, 39, 40, 41, 43, 44, 46, 47, 49, 57, 58, 59, 60, 62, 63, 65, 67, 68, 70, 72, 73, 74, 77, 78, 80, 81, 82, 83, 84, 86, 90, 91, 92, 93, 94, 96, 97, 98, 101, 103, 104, 105, 106, 107, 109, 110, 111, 114, 115, 117, 118, 121, 123, 124, 125, 126, 127, 129, 130, 132, 142, 143, 144, 148, 151, 152, 153, 154, 156, 159, 160, 161, 162, 164, 165, 167, 168, 169, 171, 172, 175, 177, 178, 179, 180, 182, 183, 185, 186, 187, 188, 189, 190, 191, 193, 196, 197, 198, 199, 200, 202, 203, 205, 206, 207, 208, 210, 211, 212, 214, 215, 216, 217, 219, 221], "summary": {"covered_lines": 140, "num_statements": 140, "percent_covered": 100.0, "percent_covered_display": "100", "missing_lines": 0, "excluded_lines": 0}, "missing_lines": [], "excluded_lines": []}}}, "src/t1d_analytics/api.py": {"executed_lines": [1, 3, 5, 6, 7, 8, 10, 12, 14, 23, 24, 26, 27, 28, 31, 32, 34, 35, 36, 39, 54, 55, 56, 58, 59, 60, 61, 62, 63, 64, 67, 83, 84, 85, 86, 88, 89, 90, 91, 92, 93, 95, 97, 98, 99, 103, 105, 106, 107, 108, 110, 112, 113, 114, 115, 117, 118, 119, 122, 123, 137, 138, 140, 141, 142, 143, 145, 146, 148, 150, 151, 152, 155, 156, 157, 158], "summary": {"covered_lines": 73, "num_statements": 73, "percent_covered": 100.0, "percent_covered_display": "100", "missing_lines": 0, "excluded_lines": 0}, "missing_lines": [], "excluded_lines": [], "functions": {"execute_sql": {"executed_lines": [54, 55, 56, 58, 59, 60, 61, 62, 63, 64], "summary": {"covered_lines": 10, "num_statements": 10, "percent_covered": 100.0, "percent_covered_display": "100", "missing_lines": 0, "excluded_lines": 0}, "missing_lines": [], "excluded_lines": []}, "generate_sql_from_nl": {"executed_lines": [83, 84, 85, 86, 88, 89, 90, 91, 92, 93, 95, 97, 98, 99, 103, 105, 106, 107, 108, 110, 112, 113, 114, 115, 117, 118, 119], "summary": {"covered_lines": 27, "num_statements": 27, "percent_covered": 100.0, "percent_covered_display": "100", "missing_lines": 0, "excluded_lines": 0}, "missing_lines": [], "excluded_lines": []}, "chat_endpoint": {"executed_lines": [137, 138, 140, 141, 142, 143, 145, 146, 148, 150, 151, 152, 155, 156, 157, 158], "summary": {"covered_lines": 16, "num_statements": 16, "percent_covered": 100.0, "percent_covered_display": "100", "missing_lines": 0, "excluded_lines": 0}, "missing_lines": [], "excluded_lines": []}, "": {"executed_lines": [1, 3, 5, 6, 7, 8, 10, 12, 14, 23, 24, 26, 27, 28, 31, 32, 34, 35, 36, 39, 67, 122, 123], "summary": {"covered_lines": 20, "num_statements": 20, "percent_covered": 100.0, "percent_covered_display": "100", "missing_lines": 0, "excluded_lines": 0}, "missing_lines": [], "excluded_lines": []}}, "classes": {"ChatRequest": {"executed_lines": [], "summary": {"covered_lines": 0, "num_statements": 0, "percent_covered": 100.0, "percent_covered_display": "100", "missing_lines": 0, "excluded_lines": 0}, "missing_lines": [], "excluded_lines": []}, "ChatResponse": {"executed_lines": [], "summary": {"covered_lines": 0, "num_statements": 0, "percent_covered": 100.0, "percent_covered_display": "100", "missing_lines": 0, "excluded_lines": 0}, "missing_lines": [], "excluded_lines": []}, "": {"executed_lines": [1, 3, 5, 6, 7, 8, 10, 12, 14, 23, 24, 26, 27, 28, 31, 32, 34, 35, 36, 39, 54, 55, 56, 58, 59, 60, 61, 62, 63, 64, 67, 83, 84, 85, 86, 88, 89, 90, 91, 92, 93, 95, 97, 98, 99, 103, 105, 106, 107, 108, 110, 112, 113, 114, 115, 117, 118, 119, 122, 123, 137, 138, 140, 141, 142, 143, 145, 146, 148, 150, 151, 152, 155, 156, 157, 158], "summary": {"covered_lines": 73, "num_statements": 73, "percent_covered": 100.0, "percent_covered_display": "100", "missing_lines": 0, "excluded_lines": 0}, "missing_lines": [], "excluded_lines": []}}}, "src/t1d_analytics/cli.py": {"executed_lines": [1, 3, 4, 6, 7, 10, 12, 15, 16, 19, 22, 28, 36, 39, 47, 50, 56, 63, 66, 72, 74, 75, 76, 77, 78, 79, 80, 81, 82, 83, 84, 85, 88, 90, 91, 93, 94, 95, 97, 98, 99, 101, 102, 103, 106, 108, 110, 113, 115, 117, 120, 122, 124, 127], "summary": {"covered_lines": 52, "num_statements": 52, "percent_covered": 100.0, "percent_covered_display": "100", "missing_lines": 0, "excluded_lines": 2}, "missing_lines": [], "excluded_lines": [127, 128], "functions": {"main": {"executed_lines": [12, 15, 16, 19, 22, 28, 36, 39, 47, 50, 56, 63, 66, 72, 74, 75, 76, 77, 78, 79, 80, 81, 82, 83, 84, 85], "summary": {"covered_lines": 26, "num_statements": 26, "percent_covered": 100.0, "percent_covered_display": "100", "missing_lines": 0, "excluded_lines": 0}, "missing_lines": [], "excluded_lines": []}, "handle_download": {"executed_lines": [90, 91, 93, 94, 95, 97, 98, 99, 101, 102, 103], "summary": {"covered_lines": 11, "num_statements": 11, "percent_covered": 100.0, "percent_covered_display": "100", "missing_lines": 0, "excluded_lines": 0}, "missing_lines": [], "excluded_lines": []}, "handle_extract": {"executed_lines": [108, 110], "summary": {"covered_lines": 2, "num_statements": 2, "percent_covered": 100.0, "percent_covered_display": "100", "missing_lines": 0, "excluded_lines": 0}, "missing_lines": [], "excluded_lines": []}, "handle_load": {"executed_lines": [115, 117], "summary": {"covered_lines": 2, "num_statements": 2, "percent_covered": 100.0, "percent_covered_display": "100", "missing_lines": 0, "excluded_lines": 0}, "missing_lines": [], "excluded_lines": []}, "handle_query": {"executed_lines": [122, 124], "summary": {"covered_lines": 2, "num_statements": 2, "percent_covered": 100.0, "percent_covered_display": "100", "missing_lines": 0, "excluded_lines": 0}, "missing_lines": [], "excluded_lines": []}, "": {"executed_lines": [1, 3, 4, 6, 7, 10, 88, 106, 113, 120, 127], "summary": {"covered_lines": 9, "num_statements": 9, "percent_covered": 100.0, "percent_covered_display": "100", "missing_lines": 0, "excluded_lines": 2}, "missing_lines": [], "excluded_lines": [127, 128]}}, "classes": {"": {"executed_lines": [1, 3, 4, 6, 7, 10, 12, 15, 16, 19, 22, 28, 36, 39, 47, 50, 56, 63, 66, 72, 74, 75, 76, 77, 78, 79, 80, 81, 82, 83, 84, 85, 88, 90, 91, 93, 94, 95, 97, 98, 99, 101, 102, 103, 106, 108, 110, 113, 115, 117, 120, 122, 124, 127], "summary": {"covered_lines": 52, "num_statements": 52, "percent_covered": 100.0, "percent_covered_display": "100", "missing_lines": 0, "excluded_lines": 2}, "missing_lines": [], "excluded_lines": [127, 128]}}}, "src/t1d_analytics/downloader.py": {"executed_lines": [1, 3, 4, 5, 7, 9, 12, 23, 24, 25, 28, 40, 41, 42, 43, 44, 46, 47, 48, 50, 51, 52, 53, 55, 56, 57, 59, 60, 61, 64, 73, 74, 76, 77, 78, 79, 81, 82, 83, 84, 85], "summary": {"covered_lines": 40, "num_statements": 40, "percent_covered": 100.0, "percent_covered_display": "100", "missing_lines": 0, "excluded_lines": 0}, "missing_lines": [], "excluded_lines": [], "functions": {"sanitize_filename": {"executed_lines": [23, 24, 25], "summary": {"covered_lines": 3, "num_statements": 3, "percent_covered": 100.0, "percent_covered_display": "100", "missing_lines": 0, "excluded_lines": 0}, "missing_lines": [], "excluded_lines": []}, "download_file": {"executed_lines": [40, 41, 42, 43, 44, 46, 47, 48, 50, 51, 52, 53, 55, 56, 57, 59, 60, 61], "summary": {"covered_lines": 18, "num_statements": 18, "percent_covered": 100.0, "percent_covered_display": "100", "missing_lines": 0, "excluded_lines": 0}, "missing_lines": [], "excluded_lines": []}, "process_datasets": {"executed_lines": [73, 74, 76, 77, 78, 79, 81, 82, 83, 84, 85], "summary": {"covered_lines": 11, "num_statements": 11, "percent_covered": 100.0, "percent_covered_display": "100", "missing_lines": 0, "excluded_lines": 0}, "missing_lines": [], "excluded_lines": []}, "": {"executed_lines": [1, 3, 4, 5, 7, 9, 12, 28, 64], "summary": {"covered_lines": 8, "num_statements": 8, "percent_covered": 100.0, "percent_covered_display": "100", "missing_lines": 0, "excluded_lines": 0}, "missing_lines": [], "excluded_lines": []}}, "classes": {"": {"executed_lines": [1, 3, 4, 5, 7, 9, 12, 23, 24, 25, 28, 40, 41, 42, 43, 44, 46, 47, 48, 50, 51, 52, 53, 55, 56, 57, 59, 60, 61, 64, 73, 74, 76, 77, 78, 79, 81, 82, 83, 84, 85], "summary": {"covered_lines": 40, "num_statements": 40, "percent_covered": 100.0, "percent_covered_display": "100", "missing_lines": 0, "excluded_lines": 0}, "missing_lines": [], "excluded_lines": []}}}, "src/t1d_analytics/models.py": {"executed_lines": [1, 3, 4, 7, 8, 9, 11, 12, 13], "summary": {"covered_lines": 7, "num_statements": 7, "percent_covered": 100.0, "percent_covered_display": "100", "missing_lines": 0, "excluded_lines": 0}, "missing_lines": [], "excluded_lines": [], "functions": {"": {"executed_lines": [1, 3, 4, 7, 8, 9, 11, 12, 13], "summary": {"covered_lines": 7, "num_statements": 7, "percent_covered": 100.0, "percent_covered_display": "100", "missing_lines": 0, "excluded_lines": 0}, "missing_lines": [], "excluded_lines": []}}, "classes": {"DatasetInfo": {"executed_lines": [], "summary": {"covered_lines": 0, "num_statements": 0, "percent_covered": 100.0, "percent_covered_display": "100", "missing_lines": 0, "excluded_lines": 0}, "missing_lines": [], "excluded_lines": []}, "": {"executed_lines": [1, 3, 4, 7, 8, 9, 11, 12, 13], "summary": {"covered_lines": 7, "num_statements": 7, "percent_covered": 100.0, "percent_covered_display": "100", "missing_lines": 0, "excluded_lines": 0}, "missing_lines": [], "excluded_lines": []}}}, "src/t1d_analytics/parser.py": {"executed_lines": [1, 3, 5, 6, 8, 11, 25, 26, 27, 30, 41, 42, 43, 44, 45, 46, 47, 50, 61, 62, 63, 64, 66, 67, 68, 71, 74, 76, 77, 78, 80, 81, 82, 84, 85, 87, 95], "summary": {"covered_lines": 35, "num_statements": 35, "percent_covered": 100.0, "percent_covered_display": "100", "missing_lines": 0, "excluded_lines": 2}, "missing_lines": [], "excluded_lines": [68, 69], "functions": {"fetch_html": {"executed_lines": [25, 26, 27], "summary": {"covered_lines": 3, "num_statements": 3, "percent_covered": 100.0, "percent_covered_display": "100", "missing_lines": 0, "excluded_lines": 0}, "missing_lines": [], "excluded_lines": []}, "extract_url": {"executed_lines": [41, 42, 43, 44, 45, 46, 47], "summary": {"covered_lines": 7, "num_statements": 7, "percent_covered": 100.0, "percent_covered_display": "100", "missing_lines": 0, "excluded_lines": 0}, "missing_lines": [], "excluded_lines": []}, "parse_datasets": {"executed_lines": [61, 62, 63, 64, 66, 67, 68, 71, 74, 76, 77, 78, 80, 81, 82, 84, 85, 87, 95], "summary": {"covered_lines": 18, "num_statements": 18, "percent_covered": 100.0, "percent_covered_display": "100", "missing_lines": 0, "excluded_lines": 2}, "missing_lines": [], "excluded_lines": [68, 69]}, "": {"executed_lines": [1, 3, 5, 6, 8, 11, 30, 50], "summary": {"covered_lines": 7, "num_statements": 7, "percent_covered": 100.0, "percent_covered_display": "100", "missing_lines": 0, "excluded_lines": 0}, "missing_lines": [], "excluded_lines": []}}, "classes": {"": {"executed_lines": [1, 3, 5, 6, 8, 11, 25, 26, 27, 30, 41, 42, 43, 44, 45, 46, 47, 50, 61, 62, 63, 64, 66, 67, 68, 71, 74, 76, 77, 78, 80, 81, 82, 84, 85, 87, 95], "summary": {"covered_lines": 35, "num_statements": 35, "percent_covered": 100.0, "percent_covered_display": "100", "missing_lines": 0, "excluded_lines": 2}, "missing_lines": [], "excluded_lines": [68, 69]}}}}, "totals": {"covered_lines": 347, "num_statements": 347, "percent_covered": 100.0, "percent_covered_display": "100", "missing_lines": 0, "excluded_lines": 4}}